#
# There is insufficient memory for the Java Runtime Environment to continue.
# Native memory allocation (malloc) failed to allocate 1825280 bytes for Chunk::new
# Possible reasons:
#   The system is out of physical RAM or swap space
#   In 32 bit mode, the process size limit was hit
# Possible solutions:
#   Reduce memory load on the system
#   Increase physical memory or swap space
#   Check if swap backing store is full
#   Use 64 bit Java on a 64 bit OS
#   Decrease Java heap size (-Xmx/-Xms)
#   Decrease number of Java threads
#   Decrease Java thread stack sizes (-Xss)
#   Set larger code cache with -XX:ReservedCodeCacheSize=
# This output file may be truncated or incomplete.
#
#  Out of Memory Error (allocation.cpp:390), pid=1156, tid=0x00000000000004e0
#
# JRE version: Java(TM) SE Runtime Environment (8.0_171-b11) (build 1.8.0_171-b11)
# Java VM: Java HotSpot(TM) 64-Bit Server VM (25.171-b11 mixed mode windows-amd64 compressed oops)
# Failed to write core dump. Minidumps are not enabled by default on client versions of Windows
#

---------------  T H R E A D  ---------------

Current thread (0x000000001654e000):  JavaThread "C2 CompilerThread0" daemon [_thread_in_native, id=1248, stack(0x0000000017b90000,0x0000000017c90000)]

Stack: [0x0000000017b90000,0x0000000017c90000]
[error occurred during error reporting (printing stack bounds), id 0xc0000005]

Native frames: (J=compiled Java code, j=interpreted, Vv=VM code, C=native code)


Current CompileTask:
C2:6175656 22129       4       org.codehaus.groovy.runtime.metaclass.MetaMethodIndex::copyNonPrivateNonNewMetaMethods (171 bytes)


---------------  P R O C E S S  ---------------

Java Threads: ( => current thread )
  0x000000001bd55000 JavaThread "Cache worker for cache directory md-rule (C:\Users\hp\.gradle\caches\5.4.1\md-rule)" [_thread_blocked, id=2836, stack(0x0000000021970000,0x0000000021a70000)]
  0x000000001bd54800 JavaThread "Cache worker for cache directory md-supplier (C:\Users\hp\.gradle\caches\5.4.1\md-supplier)" [_thread_blocked, id=3288, stack(0x0000000021870000,0x0000000021970000)]
  0x000000001bd51800 JavaThread "Cache worker for file hash cache (C:\Users\hp\Desktop\desktop\unsoted\MyKotlin\.gradle\5.4.1\fileHashes)" [_thread_blocked, id=4448, stack(0x000000001e9f0000,0x000000001eaf0000)]
  0x000000001bd4d800 JavaThread "Thread-263" [_thread_blocked, id=5048, stack(0x000000001e6a0000,0x000000001e7a0000)]
  0x000000001bd50800 JavaThread "Stdin handler" [_thread_blocked, id=1988, stack(0x000000001e3a0000,0x000000001e4a0000)]
  0x000000001bd50000 JavaThread "Asynchronous log dispatcher for DefaultDaemonConnection: socket connection from /127.0.0.1:1148 to /127.0.0.1:1361" [_thread_blocked, id=1144, stack(0x000000001ad30000,0x000000001ae30000)]
  0x000000001bd4a800 JavaThread "Daemon worker Thread 11" [_thread_in_Java, id=5012, stack(0x000000001aa30000,0x000000001ab30000)]
  0x000000001bd4c000 JavaThread "Cancel handler" [_thread_blocked, id=2940, stack(0x000000001a930000,0x000000001aa30000)]
  0x000000001bd48000 JavaThread "Handler for socket connection from /127.0.0.1:1148 to /127.0.0.1:1361" [_thread_in_native, id=4088, stack(0x000000001a630000,0x000000001a730000)]
  0x000000001bd4a000 JavaThread "Daemon Thread 11" [_thread_blocked, id=208, stack(0x000000001a530000,0x000000001a630000)]
  0x000000001d045800 JavaThread "Cache worker for Java compile cache (C:\Users\hp\.gradle\caches\5.4.1\javaCompile)" [_thread_blocked, id=5040, stack(0x00000000237a0000,0x00000000238a0000)]
  0x000000001d044800 JavaThread "RMI Reaper" [_thread_blocked, id=4952, stack(0x00000000250a0000,0x00000000251a0000)]
  0x000000001d044000 JavaThread "RMI TCP Accept-0" daemon [_thread_in_native, id=4612, stack(0x0000000024fa0000,0x00000000250a0000)]
  0x000000001d042800 JavaThread "GC Daemon" daemon [_thread_blocked, id=2696, stack(0x0000000024ea0000,0x0000000024fa0000)]
  0x000000001d041000 JavaThread "RMI Scheduler(0)" daemon [_thread_blocked, id=2732, stack(0x0000000023070000,0x0000000023170000)]
  0x000000001bd4f000 JavaThread "Cache worker for file content cache (C:\Users\hp\.gradle\caches\5.4.1\fileContent)" [_thread_blocked, id=1076, stack(0x0000000022e70000,0x0000000022f70000)]
  0x000000001bd49000 JavaThread "Memory manager" [_thread_blocked, id=4368, stack(0x0000000022d70000,0x0000000022e70000)]
  0x00000000195b1800 JavaThread "Cache worker for execution history cache (C:\Users\hp\.gradle\caches\5.4.1\executionHistory)" [_thread_blocked, id=712, stack(0x00000000205a0000,0x00000000206a0000)]
  0x00000000195ac800 JavaThread "Cache worker for journal cache (C:\Users\hp\.gradle\caches\journal-1)" [_thread_blocked, id=1080, stack(0x000000001b030000,0x000000001b130000)]
  0x00000000195ae800 JavaThread "File lock request listener" [_thread_in_native, id=4660, stack(0x000000001af30000,0x000000001b030000)]
  0x00000000195ae000 JavaThread "Cache worker for file hash cache (C:\Users\hp\.gradle\caches\5.4.1\fileHashes)" [_thread_blocked, id=3464, stack(0x000000001ae30000,0x000000001af30000)]
  0x00000000193ed800 JavaThread "Daemon periodic checks" [_thread_blocked, id=2864, stack(0x000000001a430000,0x000000001a530000)]
  0x00000000193eb000 JavaThread "Incoming local TCP Connector on port 1148" [_thread_in_native, id=212, stack(0x000000001a240000,0x000000001a340000)]
  0x0000000018da2800 JavaThread "Daemon health stats" [_thread_blocked, id=4104, stack(0x0000000019c60000,0x0000000019d60000)]
  0x00000000165ae800 JavaThread "Service Thread" daemon [_thread_blocked, id=2120, stack(0x0000000018290000,0x0000000018390000)]
  0x0000000016553800 JavaThread "C1 CompilerThread2" daemon [_thread_blocked, id=3324, stack(0x0000000017d90000,0x0000000017e90000)]
  0x0000000016551000 JavaThread "C2 CompilerThread1" daemon [_thread_blocked, id=1368, stack(0x0000000017c90000,0x0000000017d90000)]
=>0x000000001654e000 JavaThread "C2 CompilerThread0" daemon [_thread_in_native, id=1248, stack(0x0000000017b90000,0x0000000017c90000)]
  0x0000000016559000 JavaThread "Attach Listener" daemon [_thread_blocked, id=2904, stack(0x0000000017a90000,0x0000000017b90000)]
  0x0000000016557800 JavaThread "Signal Dispatcher" daemon [_thread_blocked, id=3864, stack(0x0000000017990000,0x0000000017a90000)]
  0x0000000002b3d000 JavaThread "Finalizer" daemon [_thread_blocked, id=3736, stack(0x00000000177b0000,0x00000000178b0000)]
  0x0000000016519000 JavaThread "Reference Handler" daemon [_thread_blocked, id=340, stack(0x00000000176b0000,0x00000000177b0000)]
  0x0000000002bde000 JavaThread "main" [_thread_blocked, id=3744, stack(0x0000000002910000,0x0000000002a10000)]

Other Threads:
  0x0000000016517800 VMThread [stack: 0x00000000175b0000,0x00000000176b0000] [id=3612]
  0x0000000017eca000 WatcherThread [stack: 0x0000000018390000,0x0000000018490000] [id=3232]

VM state:not at safepoint (normal execution)

VM Mutex/Monitor currently owned by a thread: None

Heap:
 PSYoungGen      total 321024K, used 41065K [0x00000000e0000000, 0x00000000f7f80000, 0x0000000100000000)
  eden space 251392K, 16% used [0x00000000e0000000,0x00000000e281a558,0x00000000ef580000)
  from space 69632K, 0% used [0x00000000f3b80000,0x00000000f3b80000,0x00000000f7f80000)
  to   space 70656K, 0% used [0x00000000ef580000,0x00000000ef580000,0x00000000f3a80000)
 ParOldGen       total 158208K, used 32798K [0x00000000a0000000, 0x00000000a9a80000, 0x00000000e0000000)
  object space 158208K, 20% used [0x00000000a0000000,0x00000000a2007b78,0x00000000a9a80000)
 Metaspace       used 92850K, capacity 96706K, committed 99476K, reserved 1134592K
  class space    used 12233K, capacity 12923K, committed 13460K, reserved 1048576K

Card table byte_map: [0x0000000011fa0000,0x00000000122b0000] byte_map_base: 0x0000000011aa0000

Marking Bits: (ParMarkBitMap*) 0x000000005be408c0
 Begin Bits: [0x00000000128b0000, 0x00000000140b0000)
 End Bits:   [0x00000000140b0000, 0x00000000158b0000)

Polling page: 0x0000000002a20000

CodeCache: size=245760Kb used=59422Kb max_used=59478Kb free=186337Kb
 bounds [0x0000000002be0000, 0x0000000006680000, 0x0000000011be0000]
 total_blobs=17959 nmethods=17068 adapters=801
 compilation: enabled

Compilation events (10 events):
Event: 6174.600 Thread 0x0000000016553800 22154       1       java.util.Collections$EmptySet::isEmpty (2 bytes)
Event: 6174.601 Thread 0x0000000016553800 nmethod 22154 0x0000000006619ed0 code [0x000000000661a020, 0x000000000661a130]
Event: 6174.666 Thread 0x0000000016553800 22155       3       org.gradle.cache.PersistentIndexedCacheParameters::<init> (26 bytes)
Event: 6174.667 Thread 0x0000000016553800 nmethod 22155 0x0000000003e18410 code [0x0000000003e18560, 0x0000000003e18770]
Event: 6174.670 Thread 0x0000000016553800 22156       1       org.gradle.cache.PersistentIndexedCacheParameters::getKeySerializer (5 bytes)
Event: 6174.670 Thread 0x0000000016553800 nmethod 22156 0x00000000043f5990 code [0x00000000043f5ae0, 0x00000000043f5bf0]
Event: 6174.670 Thread 0x0000000016553800 22157       1       org.gradle.cache.PersistentIndexedCacheParameters::getValueSerializer (5 bytes)
Event: 6174.670 Thread 0x0000000016553800 nmethod 22157 0x00000000031c7c10 code [0x00000000031c7d60, 0x00000000031c7e70]
Event: 6174.837 Thread 0x0000000016553800 22158       1       org.gradle.internal.component.local.model.DslOriginDependencyMetadataWrapper::getSource (5 bytes)
Event: 6174.872 Thread 0x0000000016553800 nmethod 22158 0x0000000003e01350 code [0x0000000003e014a0, 0x0000000003e015b0]

GC Heap History (10 events):
Event: 2152.570 GC heap before
{Heap before GC invocations=38 (full 5):
 PSYoungGen      total 274432K, used 10304K [0x00000000e0000000, 0x00000000f6e00000, 0x0000000100000000)
  eden space 199168K, 0% used [0x00000000e0000000,0x00000000e0000000,0x00000000ec280000)
  from space 75264K, 13% used [0x00000000ec280000,0x00000000ecc90030,0x00000000f0c00000)
  to   space 74240K, 0% used [0x00000000f2580000,0x00000000f2580000,0x00000000f6e00000)
 ParOldGen       total 177664K, used 163207K [0x00000000a0000000, 0x00000000aad80000, 0x00000000e0000000)
  object space 177664K, 91% used [0x00000000a0000000,0x00000000a9f61d40,0x00000000aad80000)
 Metaspace       used 92822K, capacity 96974K, committed 97172K, reserved 1132544K
  class space    used 12321K, capacity 13090K, committed 13204K, reserved 1048576K
Event: 2206.240 GC heap after
Heap after GC invocations=38 (full 5):
 PSYoungGen      total 274432K, used 0K [0x00000000e0000000, 0x00000000f6e00000, 0x0000000100000000)
  eden space 199168K, 0% used [0x00000000e0000000,0x00000000e0000000,0x00000000ec280000)
  from space 75264K, 0% used [0x00000000ec280000,0x00000000ec280000,0x00000000f0c00000)
  to   space 74240K, 0% used [0x00000000f2580000,0x00000000f2580000,0x00000000f6e00000)
 ParOldGen       total 158208K, used 56744K [0x00000000a0000000, 0x00000000a9a80000, 0x00000000e0000000)
  object space 158208K, 35% used [0x00000000a0000000,0x00000000a376a208,0x00000000a9a80000)
 Metaspace       used 92599K, capacity 96604K, committed 97172K, reserved 1132544K
  class space    used 12280K, capacity 13015K, committed 13204K, reserved 1048576K
}
Event: 2621.817 GC heap before
{Heap before GC invocations=39 (full 5):
 PSYoungGen      total 274432K, used 199168K [0x00000000e0000000, 0x00000000f6e00000, 0x0000000100000000)
  eden space 199168K, 100% used [0x00000000e0000000,0x00000000ec280000,0x00000000ec280000)
  from space 75264K, 0% used [0x00000000ec280000,0x00000000ec280000,0x00000000f0c00000)
  to   space 74240K, 0% used [0x00000000f2580000,0x00000000f2580000,0x00000000f6e00000)
 ParOldGen       total 158208K, used 56744K [0x00000000a0000000, 0x00000000a9a80000, 0x00000000e0000000)
  object space 158208K, 35% used [0x00000000a0000000,0x00000000a376a208,0x00000000a9a80000)
 Metaspace       used 92971K, capacity 97300K, committed 97428K, reserved 1134592K
  class space    used 12327K, capacity 13099K, committed 13204K, reserved 1048576K
Event: 2635.241 GC heap after
Heap after GC invocations=39 (full 5):
 PSYoungGen      total 296448K, used 8592K [0x00000000e0000000, 0x00000000f6b00000, 0x0000000100000000)
  eden space 225280K, 0% used [0x00000000e0000000,0x00000000e0000000,0x00000000edc00000)
  from space 71168K, 12% used [0x00000000f2580000,0x00000000f2de4050,0x00000000f6b00000)
  to   space 73216K, 0% used [0x00000000edc00000,0x00000000edc00000,0x00000000f2380000)
 ParOldGen       total 158208K, used 56752K [0x00000000a0000000, 0x00000000a9a80000, 0x00000000e0000000)
  object space 158208K, 35% used [0x00000000a0000000,0x00000000a376c208,0x00000000a9a80000)
 Metaspace       used 92971K, capacity 97300K, committed 97428K, reserved 1134592K
  class space    used 12327K, capacity 13099K, committed 13204K, reserved 1048576K
}
Event: 3091.693 GC heap before
{Heap before GC invocations=40 (full 5):
 PSYoungGen      total 296448K, used 233872K [0x00000000e0000000, 0x00000000f6b00000, 0x0000000100000000)
  eden space 225280K, 100% used [0x00000000e0000000,0x00000000edc00000,0x00000000edc00000)
  from space 71168K, 12% used [0x00000000f2580000,0x00000000f2de4050,0x00000000f6b00000)
  to   space 73216K, 0% used [0x00000000edc00000,0x00000000edc00000,0x00000000f2380000)
 ParOldGen       total 158208K, used 56752K [0x00000000a0000000, 0x00000000a9a80000, 0x00000000e0000000)
  object space 158208K, 35% used [0x00000000a0000000,0x00000000a376c208,0x00000000a9a80000)
 Metaspace       used 93325K, capacity 98066K, committed 98196K, reserved 1134592K
  class space    used 12386K, capacity 13204K, committed 13204K, reserved 1048576K
Event: 3093.774 GC heap after
Heap after GC invocations=40 (full 5):
 PSYoungGen      total 298496K, used 9120K [0x00000000e0000000, 0x00000000f8180000, 0x0000000100000000)
  eden space 225280K, 0% used [0x00000000e0000000,0x00000000e0000000,0x00000000edc00000)
  from space 73216K, 12% used [0x00000000edc00000,0x00000000ee4e8040,0x00000000f2380000)
  to   space 71680K, 0% used [0x00000000f3b80000,0x00000000f3b80000,0x00000000f8180000)
 ParOldGen       total 158208K, used 56760K [0x00000000a0000000, 0x00000000a9a80000, 0x00000000e0000000)
  object space 158208K, 35% used [0x00000000a0000000,0x00000000a376e208,0x00000000a9a80000)
 Metaspace       used 93325K, capacity 98066K, committed 98196K, reserved 1134592K
  class space    used 12386K, capacity 13204K, committed 13204K, reserved 1048576K
}
Event: 5806.308 GC heap before
{Heap before GC invocations=41 (full 5):
 PSYoungGen      total 298496K, used 184494K [0x00000000e0000000, 0x00000000f8180000, 0x0000000100000000)
  eden space 225280K, 77% used [0x00000000e0000000,0x00000000eab439c0,0x00000000edc00000)
  from space 73216K, 12% used [0x00000000edc00000,0x00000000ee4e8040,0x00000000f2380000)
  to   space 71680K, 0% used [0x00000000f3b80000,0x00000000f3b80000,0x00000000f8180000)
 ParOldGen       total 158208K, used 56760K [0x00000000a0000000, 0x00000000a9a80000, 0x00000000e0000000)
  object space 158208K, 35% used [0x00000000a0000000,0x00000000a376e208,0x00000000a9a80000)
 Metaspace       used 94346K, capacity 99166K, committed 99476K, reserved 1134592K
  class space    used 12506K, capacity 13336K, committed 13460K, reserved 1048576K
Event: 5808.501 GC heap after
Heap after GC invocations=41 (full 5):
 PSYoungGen      total 321024K, used 4748K [0x00000000e0000000, 0x00000000f7f80000, 0x0000000100000000)
  eden space 251392K, 0% used [0x00000000e0000000,0x00000000e0000000,0x00000000ef580000)
  from space 69632K, 6% used [0x00000000f3b80000,0x00000000f40232e8,0x00000000f7f80000)
  to   space 70656K, 0% used [0x00000000ef580000,0x00000000ef580000,0x00000000f3a80000)
 ParOldGen       total 158208K, used 56768K [0x00000000a0000000, 0x00000000a9a80000, 0x00000000e0000000)
  object space 158208K, 35% used [0x00000000a0000000,0x00000000a3770208,0x00000000a9a80000)
 Metaspace       used 94346K, capacity 99166K, committed 99476K, reserved 1134592K
  class space    used 12506K, capacity 13336K, committed 13460K, reserved 1048576K
}
Event: 5808.541 GC heap before
{Heap before GC invocations=42 (full 6):
 PSYoungGen      total 321024K, used 4748K [0x00000000e0000000, 0x00000000f7f80000, 0x0000000100000000)
  eden space 251392K, 0% used [0x00000000e0000000,0x00000000e0000000,0x00000000ef580000)
  from space 69632K, 6% used [0x00000000f3b80000,0x00000000f40232e8,0x00000000f7f80000)
  to   space 70656K, 0% used [0x00000000ef580000,0x00000000ef580000,0x00000000f3a80000)
 ParOldGen       total 158208K, used 56768K [0x00000000a0000000, 0x00000000a9a80000, 0x00000000e0000000)
  object space 158208K, 35% used [0x00000000a0000000,0x00000000a3770208,0x00000000a9a80000)
 Metaspace       used 94346K, capacity 99166K, committed 99476K, reserved 1134592K
  class space    used 12506K, capacity 13336K, committed 13460K, reserved 1048576K
Event: 5891.228 GC heap after
Heap after GC invocations=42 (full 6):
 PSYoungGen      total 321024K, used 0K [0x00000000e0000000, 0x00000000f7f80000, 0x0000000100000000)
  eden space 251392K, 0% used [0x00000000e0000000,0x00000000e0000000,0x00000000ef580000)
  from space 69632K, 0% used [0x00000000f3b80000,0x00000000f3b80000,0x00000000f7f80000)
  to   space 70656K, 0% used [0x00000000ef580000,0x00000000ef580000,0x00000000f3a80000)
 ParOldGen       total 158208K, used 32798K [0x00000000a0000000, 0x00000000a9a80000, 0x00000000e0000000)
  object space 158208K, 20% used [0x00000000a0000000,0x00000000a2007b78,0x00000000a9a80000)
 Metaspace       used 92506K, capacity 96226K, committed 99476K, reserved 1134592K
  class space    used 12183K, capacity 12830K, committed 13460K, reserved 1048576K
}

Deoptimization events (10 events):
Event: 6163.977 Thread 0x000000001bd4a800 Uncommon trap: reason=array_check action=maybe_recompile pc=0x0000000006375900 method=java.util.ComparableTimSort.mergeHi(IIII)V @ 654
Event: 6163.994 Thread 0x000000001bd4a800 Uncommon trap: reason=class_check action=maybe_recompile pc=0x0000000004a26058 method=java.util.Collections.sort(Ljava/util/List;Ljava/util/Comparator;)V @ 2
Event: 6164.411 Thread 0x000000001bd4a800 Uncommon trap: reason=bimorphic action=maybe_recompile pc=0x00000000061aefb8 method=java.util.ComparableTimSort.mergeLo(IIII)V @ 184
Event: 6164.412 Thread 0x000000001bd4a800 Uncommon trap: reason=class_check action=maybe_recompile pc=0x0000000004a26058 method=java.util.Collections.sort(Ljava/util/List;Ljava/util/Comparator;)V @ 2
Event: 6164.461 Thread 0x000000001bd4a800 Uncommon trap: reason=class_check action=maybe_recompile pc=0x0000000004a26058 method=java.util.Collections.sort(Ljava/util/List;Ljava/util/Comparator;)V @ 2
Event: 6165.880 Thread 0x000000001bd4a800 Uncommon trap: reason=array_check action=maybe_recompile pc=0x00000000063755e0 method=java.util.ComparableTimSort.mergeHi(IIII)V @ 415
Event: 6167.451 Thread 0x000000001bd4a800 Uncommon trap: reason=bimorphic action=maybe_recompile pc=0x00000000061aefb8 method=java.util.ComparableTimSort.mergeLo(IIII)V @ 184
Event: 6167.452 Thread 0x000000001bd4a800 Uncommon trap: reason=bimorphic action=maybe_recompile pc=0x0000000005bb253c method=java.util.ComparableTimSort.mergeLo(IIII)V @ 184
Event: 6167.499 Thread 0x000000001bd4a800 Uncommon trap: reason=array_check action=maybe_recompile pc=0x00000000063755e0 method=java.util.ComparableTimSort.mergeHi(IIII)V @ 415
Event: 6167.499 Thread 0x000000001bd4a800 Uncommon trap: reason=bimorphic action=maybe_recompile pc=0x00000000061aefb8 method=java.util.ComparableTimSort.mergeLo(IIII)V @ 184

Classes redefined (0 events):
No events

Internal exceptions (10 events):
Event: 6162.964 Thread 0x000000001bd4a800 Exception <a 'java/lang/NoSuchMethodError': <clinit>> (0x00000000e08a4d40) thrown at [C:\re\workspace\8-2-build-windows-amd64-cygwin\jdk8u171\10807\hotspot\src\share\vm\prims\jni.cpp, line 1613]
Event: 6162.964 Thread 0x000000001bd4a800 Exception <a 'java/lang/NoSuchMethodError': <clinit>> (0x00000000e08a6848) thrown at [C:\re\workspace\8-2-build-windows-amd64-cygwin\jdk8u171\10807\hotspot\src\share\vm\prims\jni.cpp, line 1613]
Event: 6162.964 Thread 0x000000001bd4a800 Exception <a 'java/lang/NoSuchMethodError': <clinit>> (0x00000000e08a8018) thrown at [C:\re\workspace\8-2-build-windows-amd64-cygwin\jdk8u171\10807\hotspot\src\share\vm\prims\jni.cpp, line 1613]
Event: 6162.964 Thread 0x000000001bd4a800 Exception <a 'java/lang/NoSuchMethodError': <clinit>> (0x00000000e08a9698) thrown at [C:\re\workspace\8-2-build-windows-amd64-cygwin\jdk8u171\10807\hotspot\src\share\vm\prims\jni.cpp, line 1613]
Event: 6163.530 Thread 0x000000001bd4a800 Implicit null exception at 0x00000000038f6f77 to 0x00000000038f7969
Event: 6163.573 Thread 0x000000001bd4a800 Implicit null exception at 0x000000000379cf23 to 0x000000000379d585
Event: 6164.489 Thread 0x000000001bd4d800 Exception <a 'java/lang/NoSuchMethodError': <clinit>> (0x00000000e0d15488) thrown at [C:\re\workspace\8-2-build-windows-amd64-cygwin\jdk8u171\10807\hotspot\src\share\vm\prims\jni.cpp, line 1613]
Event: 6164.491 Thread 0x000000001bd4d800 Exception <a 'java/lang/NoSuchMethodError': <clinit>> (0x00000000e0d2a6e8) thrown at [C:\re\workspace\8-2-build-windows-amd64-cygwin\jdk8u171\10807\hotspot\src\share\vm\prims\jni.cpp, line 1613]
Event: 6164.491 Thread 0x000000001bd4d800 Exception <a 'java/lang/NoSuchMethodError': <clinit>> (0x00000000e0d2b400) thrown at [C:\re\workspace\8-2-build-windows-amd64-cygwin\jdk8u171\10807\hotspot\src\share\vm\prims\jni.cpp, line 1613]
Event: 6164.491 Thread 0x000000001bd4d800 Exception <a 'java/lang/NoSuchMethodError': <clinit>> (0x00000000e0d2c9c0) thrown at [C:\re\workspace\8-2-build-windows-amd64-cygwin\jdk8u171\10807\hotspot\src\share\vm\prims\jni.cpp, line 1613]

Events (10 events):
Event: 6172.882 Thread 0x0000000016553800 flushing nmethod 0x0000000004ac4dd0
Event: 6172.883 Thread 0x0000000016553800 flushing nmethod 0x0000000004b1c790
Event: 6172.930 loading class groovy/runtime/metaclass/org/gradle/api/internal/artifacts/dsl/dependencies/DefaultDependencyHandler_DecoratedMetaClass
Event: 6172.930 loading class groovy/runtime/metaclass/org/gradle/api/internal/artifacts/dsl/dependencies/DefaultDependencyHandler_DecoratedMetaClass done
Event: 6174.541 loading class groovy/runtime/metaclass/org/codehaus/groovy/runtime/GStringImplMetaClass
Event: 6174.541 loading class groovy/runtime/metaclass/org/codehaus/groovy/runtime/GStringImplMetaClass done
Event: 6174.544 Executing VM operation: RevokeBias
Event: 6174.544 Executing VM operation: RevokeBias done
Event: 6174.546 Thread 0x0000000016553800 flushing nmethod 0x00000000056faf50
Event: 6174.669 Thread 0x0000000016553800 flushing nmethod 0x00000000064a7250


Dynamic libraries:
0x00007ff7536f0000 - 0x00007ff753727000 	C:\Program Files\Java\jdk1.8.0_171\bin\java.exe
0x00007ffa718f0000 - 0x00007ffa71a9d000 	C:\WINDOWS\SYSTEM32\ntdll.dll
0x00007ffa6f6d0000 - 0x00007ffa6f80f000 	C:\WINDOWS\system32\KERNEL32.DLL
0x00007ffa6eb20000 - 0x00007ffa6ec36000 	C:\WINDOWS\system32\KERNELBASE.dll
0x00007ffa6d5f0000 - 0x00007ffa6d67e000 	C:\WINDOWS\system32\apphelp.dll
0x00007ffa62340000 - 0x00007ffa62393000 	C:\WINDOWS\AppPatch\AppPatch64\AcGenral.DLL
0x00007ffa6f210000 - 0x00007ffa6f2ba000 	C:\WINDOWS\system32\msvcrt.dll
0x00007ffa6eaf0000 - 0x00007ffa6eb1e000 	C:\WINDOWS\system32\SspiCli.dll
0x00007ffa716b0000 - 0x00007ffa71704000 	C:\WINDOWS\system32\SHLWAPI.dll
0x00007ffa6f2c0000 - 0x00007ffa6f437000 	C:\WINDOWS\system32\USER32.dll
0x00007ffa6fe80000 - 0x00007ffa70014000 	C:\WINDOWS\system32\ole32.dll
0x00007ffa70180000 - 0x00007ffa716ab000 	C:\WINDOWS\system32\SHELL32.dll
0x00007ffa6e050000 - 0x00007ffa6e071000 	C:\WINDOWS\SYSTEM32\USERENV.dll
0x00007ffa6f9d0000 - 0x00007ffa6fa7a000 	C:\WINDOWS\system32\ADVAPI32.dll
0x00007ffa63570000 - 0x00007ffa6358e000 	C:\WINDOWS\SYSTEM32\MPR.dll
0x00007ffa70020000 - 0x00007ffa70160000 	C:\WINDOWS\system32\RPCRT4.dll
0x00007ffa6f190000 - 0x00007ffa6f1e9000 	C:\WINDOWS\SYSTEM32\sechost.dll
0x00007ffa6ef80000 - 0x00007ffa6f190000 	C:\WINDOWS\SYSTEM32\combase.dll
0x00007ffa71780000 - 0x00007ffa718cc000 	C:\WINDOWS\system32\GDI32.dll
0x00007ffa6ea20000 - 0x00007ffa6ea35000 	C:\WINDOWS\SYSTEM32\profapi.dll
0x00007ffa6cfc0000 - 0x00007ffa6d072000 	C:\WINDOWS\SYSTEM32\SHCORE.dll
0x00007ffa6f810000 - 0x00007ffa6f846000 	C:\WINDOWS\system32\IMM32.DLL
0x00007ffa6fd20000 - 0x00007ffa6fe73000 	C:\WINDOWS\system32\MSCTF.dll
0x00007ffa6c6a0000 - 0x00007ffa6c91b000 	C:\WINDOWS\WinSxS\amd64_microsoft.windows.common-controls_6595b64144ccf1df_6.0.9600.19291_none_6248a9f3ecb5e89b\COMCTL32.dll
0x000000005bec0000 - 0x000000005bf92000 	C:\Program Files\Java\jdk1.8.0_171\jre\bin\msvcr100.dll
0x000000005b620000 - 0x000000005bec0000 	C:\Program Files\Java\jdk1.8.0_171\jre\bin\server\jvm.dll
0x00007ffa6a380000 - 0x00007ffa6a389000 	C:\WINDOWS\SYSTEM32\WSOCK32.dll
0x00007ffa6bfa0000 - 0x00007ffa6bfc2000 	C:\WINDOWS\SYSTEM32\WINMM.dll
0x00007ffa64c80000 - 0x00007ffa64c8a000 	C:\WINDOWS\SYSTEM32\VERSION.dll
0x00007ffa70160000 - 0x00007ffa70167000 	C:\WINDOWS\system32\PSAPI.DLL
0x00007ffa6fa80000 - 0x00007ffa6fada000 	C:\WINDOWS\system32\WS2_32.dll
0x00007ffa685e0000 - 0x00007ffa6860a000 	C:\WINDOWS\SYSTEM32\WINMMBASE.dll
0x00007ffa718e0000 - 0x00007ffa718e9000 	C:\WINDOWS\system32\NSI.dll
0x00007ffa6ed50000 - 0x00007ffa6ed9f000 	C:\WINDOWS\SYSTEM32\cfgmgr32.dll
0x00007ffa6d840000 - 0x00007ffa6d868000 	C:\WINDOWS\SYSTEM32\DEVOBJ.dll
0x000000005b610000 - 0x000000005b61f000 	C:\Program Files\Java\jdk1.8.0_171\jre\bin\verify.dll
0x000000005b5e0000 - 0x000000005b609000 	C:\Program Files\Java\jdk1.8.0_171\jre\bin\java.dll
0x000000005b5c0000 - 0x000000005b5d6000 	C:\Program Files\Java\jdk1.8.0_171\jre\bin\zip.dll
0x000000005b5a0000 - 0x000000005b5ba000 	C:\Program Files\Java\jdk1.8.0_171\jre\bin\net.dll
0x00007ffa6e2c0000 - 0x00007ffa6e319000 	C:\WINDOWS\system32\mswsock.dll
0x000000005b580000 - 0x000000005b591000 	C:\Program Files\Java\jdk1.8.0_171\jre\bin\nio.dll
0x00007ffa5b4f0000 - 0x00007ffa5b516000 	C:\Users\hp\.gradle\native\29\windows-amd64\native-platform.dll
0x000000005b570000 - 0x000000005b57d000 	C:\Program Files\Java\jdk1.8.0_171\jre\bin\management.dll
0x00007ffa6e320000 - 0x00007ffa6e340000 	C:\WINDOWS\SYSTEM32\CRYPTSP.dll
0x00007ffa6df40000 - 0x00007ffa6df76000 	C:\WINDOWS\system32\rsaenh.dll
0x00007ffa6e570000 - 0x00007ffa6e596000 	C:\WINDOWS\SYSTEM32\bcrypt.dll
0x00007ffa6e880000 - 0x00007ffa6e8e3000 	C:\WINDOWS\system32\bcryptprimitives.dll
0x00007ffa6e8f0000 - 0x00007ffa6e8fb000 	C:\WINDOWS\SYSTEM32\CRYPTBASE.dll
0x00007ffa696e0000 - 0x00007ffa6970a000 	C:\WINDOWS\SYSTEM32\IPHLPAPI.DLL
0x00007ffa696c0000 - 0x00007ffa696ca000 	C:\WINDOWS\SYSTEM32\WINNSI.DLL
0x00007ffa69230000 - 0x00007ffa69246000 	C:\WINDOWS\SYSTEM32\dhcpcsvc6.DLL
0x00007ffa69450000 - 0x00007ffa6946a000 	C:\WINDOWS\SYSTEM32\dhcpcsvc.DLL
0x00007ffa622e0000 - 0x00007ffa622fe000 	C:\Users\hp\AppData\Local\Temp\native-platform2518145309588125741dir\native-platform.dll

VM Arguments:
jvm_args: -Xmx1536m -Dfile.encoding=windows-1252 -Duser.country=US -Duser.language=en -Duser.variant 
java_command: org.gradle.launcher.daemon.bootstrap.GradleDaemon 5.4.1
java_class_path (initial): C:\Users\hp\.gradle\wrapper\dists\gradle-5.4.1-all\3221gyojl5jsh0helicew7rwx\gradle-5.4.1\lib\gradle-launcher-5.4.1.jar
Launcher Type: SUN_STANDARD

Environment Variables:
JAVA_HOME=C:\Program Files\Java\jdk1.8.0_171\bin
PATH=C:\Program Files (x86)\NVIDIA Corporation\PhysX\Common;C:\Program Files (x86)\Common Files\Oracle\Java\javapath;C:\ProgramData\Oracle\Java\javapath;C:\Program Files (x86)\Pervasive Software\PSQL\bin\;C:\WINDOWS\system32;C:\WINDOWS;C:\WINDOWS\System32\Wbem;C:\WINDOWS\System32\WindowsPowerShell\v1.0\;C:\Program Files\7-Zip;C:\Program Files\Java\jdk-11.0.2\bin\;C:\Program Files\Java\jdk1.8.0_171\bin\;C:\Program Files\Java\jre1.8.0_171\bin;c:\Program Files (x86)\Microsoft SQL Server\110\Tools\Binn\ManagementStudio\;c:\Program Files (x86)\Microsoft SQL Server\110\Tools\Binn\;c:\Program Files (x86)\Microsoft SQL Server\110\DTS\Binn\;C:\Program Files (x86)\Microsoft SQL Server\100\Tools\Binn\;C:\Program Files (x86)\Microsoft SQL Server\100\DTS\Binn\;C:\Program Files (x86)\Microsoft SQL Server\100\Tools\Binn\VSShell\Common7\IDE\;C:\Program Files\Java\jdk1.8.0_171\bin
USERNAME=hp
OS=Windows_NT
PROCESSOR_IDENTIFIER=Intel64 Family 6 Model 42 Stepping 7, GenuineIntel



---------------  S Y S T E M  ---------------

OS: Windows 8.1 , 64 bit Build 9600 (6.3.9600.19326)

CPU:total 4 (initial active 4) (2 cores per cpu, 2 threads per core) family 6 model 42 stepping 7, cmov, cx8, fxsr, mmx, sse, sse2, sse3, ssse3, sse4.1, sse4.2, popcnt, avx, clmul, ht, tsc, tscinvbit

Memory: 4k page, physical 4127084k(169476k free), swap 5741232k(9512k free)

vm_info: Java HotSpot(TM) 64-Bit Server VM (25.171-b11) for windows-amd64 JRE (1.8.0_171-b11), built on Mar 28 2018 16:06:12 by "java_re" with MS VC++ 10.0 (VS2010)

time: Sun Mar 01 01:01:02 2020
elapsed time: 6176 seconds (0d 1h 42m 56s)

